<?xml version="1.0" encoding="UTF-8"?>
<testsuite xmlns:xsi="http://www.w3.org/2001/XMLSchema-instance" xsi:noNamespaceSchemaLocation="https://maven.apache.org/surefire/maven-surefire-plugin/xsd/surefire-test-report-3.0.xsd" version="3.0" name="employee.EmployeeTest" time="0.077" tests="1" errors="0" skipped="0" failures="0">
  <properties>
    <property name="sun.desktop" value="windows"/>
    <property name="awt.toolkit" value="sun.awt.windows.WToolkit"/>
    <property name="file.encoding.pkg" value="sun.io"/>
    <property name="java.specification.version" value="1.8"/>
    <property name="sun.cpu.isalist" value="amd64"/>
    <property name="sun.jnu.encoding" value="Cp1252"/>
    <property name="java.class.path" value="H:\Projects\Bank\employee\target\test-classes;H:\Projects\Bank\employee\target\classes;H:\Projects\Bank\Person\target\classes;C:\Users\vishal\.m2\repository\org\junit\jupiter\junit-jupiter-api\5.4.2\junit-jupiter-api-5.4.2.jar;C:\Users\vishal\.m2\repository\org\apiguardian\apiguardian-api\1.0.0\apiguardian-api-1.0.0.jar;C:\Users\vishal\.m2\repository\org\opentest4j\opentest4j\1.1.1\opentest4j-1.1.1.jar;C:\Users\vishal\.m2\repository\org\junit\platform\junit-platform-commons\1.4.2\junit-platform-commons-1.4.2.jar;C:\Users\vishal\.m2\repository\org\junit\jupiter\junit-jupiter-engine\5.4.2\junit-jupiter-engine-5.4.2.jar;C:\Users\vishal\.m2\repository\org\junit\platform\junit-platform-engine\1.4.2\junit-platform-engine-1.4.2.jar;C:\Users\vishal\.m2\repository\org\apache\maven\plugins\maven-surefire-report-plugin\3.0.0-M3\maven-surefire-report-plugin-3.0.0-M3.jar;C:\Users\vishal\.m2\repository\org\apache\maven\surefire\surefire-report-parser\3.0.0-M3\surefire-report-parser-3.0.0-M3.jar;C:\Users\vishal\.m2\repository\org\apache\maven\surefire\surefire-logger-api\3.0.0-M3\surefire-logger-api-3.0.0-M3.jar;C:\Users\vishal\.m2\repository\org\apache\maven\reporting\maven-reporting-api\3.0\maven-reporting-api-3.0.jar;C:\Users\vishal\.m2\repository\org\apache\maven\maven-plugin-api\3.0\maven-plugin-api-3.0.jar;C:\Users\vishal\.m2\repository\org\apache\maven\maven-artifact\3.0\maven-artifact-3.0.jar;C:\Users\vishal\.m2\repository\org\apache\maven\reporting\maven-reporting-impl\3.0.0\maven-reporting-impl-3.0.0.jar;C:\Users\vishal\.m2\repository\org\apache\maven\doxia\doxia-sink-api\1.8\doxia-sink-api-1.8.jar;C:\Users\vishal\.m2\repository\org\apache\maven\doxia\doxia-logging-api\1.8\doxia-logging-api-1.8.jar;C:\Users\vishal\.m2\repository\org\apache\maven\doxia\doxia-decoration-model\1.8.1\doxia-decoration-model-1.8.1.jar;C:\Users\vishal\.m2\repository\org\codehaus\plexus\plexus-component-annotations\1.6\plexus-component-annotations-1.6.jar;C:\Users\vishal\.m2\repository\org\apache\maven\doxia\doxia-core\1.8\doxia-core-1.8.jar;C:\Users\vishal\.m2\repository\org\codehaus\plexus\plexus-container-default\1.7.1\plexus-container-default-1.7.1.jar;C:\Users\vishal\.m2\repository\org\apache\xbean\xbean-reflect\3.7\xbean-reflect-3.7.jar;C:\Users\vishal\.m2\repository\com\google\collections\google-collections\1.0\google-collections-1.0.jar;C:\Users\vishal\.m2\repository\org\apache\httpcomponents\httpclient\4.0.2\httpclient-4.0.2.jar;C:\Users\vishal\.m2\repository\commons-logging\commons-logging\1.1.1\commons-logging-1.1.1.jar;C:\Users\vishal\.m2\repository\commons-codec\commons-codec\1.3\commons-codec-1.3.jar;C:\Users\vishal\.m2\repository\org\apache\httpcomponents\httpcore\4.0.1\httpcore-4.0.1.jar;C:\Users\vishal\.m2\repository\org\apache\maven\doxia\doxia-site-renderer\1.8.1\doxia-site-renderer-1.8.1.jar;C:\Users\vishal\.m2\repository\org\apache\maven\doxia\doxia-skin-model\1.8.1\doxia-skin-model-1.8.1.jar;C:\Users\vishal\.m2\repository\org\codehaus\plexus\plexus-velocity\1.2\plexus-velocity-1.2.jar;C:\Users\vishal\.m2\repository\org\apache\velocity\velocity\1.7\velocity-1.7.jar;C:\Users\vishal\.m2\repository\org\apache\velocity\velocity-tools\2.0\velocity-tools-2.0.jar;C:\Users\vishal\.m2\repository\commons-beanutils\commons-beanutils\1.7.0\commons-beanutils-1.7.0.jar;C:\Users\vishal\.m2\repository\commons-digester\commons-digester\1.8\commons-digester-1.8.jar;C:\Users\vishal\.m2\repository\commons-chain\commons-chain\1.1\commons-chain-1.1.jar;C:\Users\vishal\.m2\repository\commons-validator\commons-validator\1.3.1\commons-validator-1.3.1.jar;C:\Users\vishal\.m2\repository\dom4j\dom4j\1.1\dom4j-1.1.jar;C:\Users\vishal\.m2\repository\oro\oro\2.0.8\oro-2.0.8.jar;C:\Users\vishal\.m2\repository\sslext\sslext\1.2-0\sslext-1.2-0.jar;C:\Users\vishal\.m2\repository\org\apache\struts\struts-core\1.3.8\struts-core-1.3.8.jar;C:\Users\vishal\.m2\repository\antlr\antlr\2.7.2\antlr-2.7.2.jar;C:\Users\vishal\.m2\repository\org\apache\struts\struts-taglib\1.3.8\struts-taglib-1.3.8.jar;C:\Users\vishal\.m2\repository\org\apache\struts\struts-tiles\1.3.8\struts-tiles-1.3.8.jar;C:\Users\vishal\.m2\repository\commons-collections\commons-collections\3.2.1\commons-collections-3.2.1.jar;C:\Users\vishal\.m2\repository\commons-lang\commons-lang\2.6\commons-lang-2.6.jar;C:\Users\vishal\.m2\repository\org\apache\maven\plugins\maven-site-plugin\3.7.1\maven-site-plugin-3.7.1.jar;C:\Users\vishal\.m2\repository\org\apache\maven\reporting\maven-reporting-exec\1.4\maven-reporting-exec-1.4.jar;C:\Users\vishal\.m2\repository\org\sonatype\aether\aether-util\1.7\aether-util-1.7.jar;C:\Users\vishal\.m2\repository\org\eclipse\aether\aether-util\0.9.0.M2\aether-util-0.9.0.M2.jar;C:\Users\vishal\.m2\repository\org\apache\maven\shared\maven-shared-utils\3.1.0\maven-shared-utils-3.1.0.jar;C:\Users\vishal\.m2\repository\org\apache\maven\maven-core\3.0\maven-core-3.0.jar;C:\Users\vishal\.m2\repository\org\apache\maven\maven-repository-metadata\3.0\maven-repository-metadata-3.0.jar;C:\Users\vishal\.m2\repository\org\apache\maven\maven-model-builder\3.0\maven-model-builder-3.0.jar;C:\Users\vishal\.m2\repository\org\apache\maven\maven-aether-provider\3.0\maven-aether-provider-3.0.jar;C:\Users\vishal\.m2\repository\org\sonatype\aether\aether-impl\1.7\aether-impl-1.7.jar;C:\Users\vishal\.m2\repository\org\sonatype\aether\aether-spi\1.7\aether-spi-1.7.jar;C:\Users\vishal\.m2\repository\org\sonatype\aether\aether-api\1.7\aether-api-1.7.jar;C:\Users\vishal\.m2\repository\org\codehaus\plexus\plexus-interpolation\1.14\plexus-interpolation-1.14.jar;C:\Users\vishal\.m2\repository\org\sonatype\plexus\plexus-sec-dispatcher\1.3\plexus-sec-dispatcher-1.3.jar;C:\Users\vishal\.m2\repository\org\sonatype\plexus\plexus-cipher\1.4\plexus-cipher-1.4.jar;C:\Users\vishal\.m2\repository\org\apache\maven\maven-model\3.0\maven-model-3.0.jar;C:\Users\vishal\.m2\repository\org\apache\maven\maven-settings\3.0\maven-settings-3.0.jar;C:\Users\vishal\.m2\repository\org\apache\maven\maven-settings-builder\3.0\maven-settings-builder-3.0.jar;C:\Users\vishal\.m2\repository\org\apache\maven\maven-archiver\3.1.1\maven-archiver-3.1.1.jar;C:\Users\vishal\.m2\repository\org\sonatype\sisu\sisu-inject-plexus\1.4.2\sisu-inject-plexus-1.4.2.jar;C:\Users\vishal\.m2\repository\org\sonatype\sisu\sisu-inject-bean\1.4.2\sisu-inject-bean-1.4.2.jar;C:\Users\vishal\.m2\repository\org\sonatype\sisu\sisu-guice\2.1.7\sisu-guice-2.1.7-noaop.jar;C:\Users\vishal\.m2\repository\org\codehaus\plexus\plexus-archiver\3.4\plexus-archiver-3.4.jar;C:\Users\vishal\.m2\repository\org\codehaus\plexus\plexus-io\2.7.1\plexus-io-2.7.1.jar;C:\Users\vishal\.m2\repository\org\apache\commons\commons-compress\1.11\commons-compress-1.11.jar;C:\Users\vishal\.m2\repository\org\iq80\snappy\snappy\0.4\snappy-0.4.jar;C:\Users\vishal\.m2\repository\org\tukaani\xz\1.5\xz-1.5.jar;C:\Users\vishal\.m2\repository\org\codehaus\plexus\plexus-i18n\1.0-beta-10\plexus-i18n-1.0-beta-10.jar;C:\Users\vishal\.m2\repository\org\codehaus\plexus\plexus-utils\3.0.24\plexus-utils-3.0.24.jar;C:\Users\vishal\.m2\repository\org\codehaus\plexus\plexus-classworlds\2.5.2\plexus-classworlds-2.5.2.jar;C:\Users\vishal\.m2\repository\org\apache\maven\doxia\doxia-module-xhtml\1.8\doxia-module-xhtml-1.8.jar;C:\Users\vishal\.m2\repository\org\apache\maven\doxia\doxia-module-apt\1.8\doxia-module-apt-1.8.jar;C:\Users\vishal\.m2\repository\org\apache\maven\doxia\doxia-module-xdoc\1.8\doxia-module-xdoc-1.8.jar;C:\Users\vishal\.m2\repository\org\apache\maven\doxia\doxia-module-fml\1.8\doxia-module-fml-1.8.jar;C:\Users\vishal\.m2\repository\org\apache\maven\doxia\doxia-module-markdown\1.8\doxia-module-markdown-1.8.jar;C:\Users\vishal\.m2\repository\com\vladsch\flexmark\flexmark-all\0.18.4\flexmark-all-0.18.4.jar;C:\Users\vishal\.m2\repository\com\vladsch\flexmark\flexmark\0.18.4\flexmark-0.18.4.jar;C:\Users\vishal\.m2\repository\com\vladsch\flexmark\flexmark-ext-abbreviation\0.18.4\flexmark-ext-abbreviation-0.18.4.jar;C:\Users\vishal\.m2\repository\com\vladsch\flexmark\flexmark-ext-anchorlink\0.18.4\flexmark-ext-anchorlink-0.18.4.jar;C:\Users\vishal\.m2\repository\com\vladsch\flexmark\flexmark-ext-aside\0.18.4\flexmark-ext-aside-0.18.4.jar;C:\Users\vishal\.m2\repository\com\vladsch\flexmark\flexmark-ext-autolink\0.18.4\flexmark-ext-autolink-0.18.4.jar;C:\Users\vishal\.m2\repository\org\nibor\autolink\autolink\0.6.0\autolink-0.6.0.jar;C:\Users\vishal\.m2\repository\com\vladsch\flexmark\flexmark-ext-definition\0.18.4\flexmark-ext-definition-0.18.4.jar;C:\Users\vishal\.m2\repository\com\vladsch\flexmark\flexmark-ext-emoji\0.18.4\flexmark-ext-emoji-0.18.4.jar;C:\Users\vishal\.m2\repository\com\vladsch\flexmark\flexmark-ext-escaped-character\0.18.4\flexmark-ext-escaped-character-0.18.4.jar;C:\Users\vishal\.m2\repository\com\vladsch\flexmark\flexmark-ext-footnotes\0.18.4\flexmark-ext-footnotes-0.18.4.jar;C:\Users\vishal\.m2\repository\com\vladsch\flexmark\flexmark-ext-gfm-strikethrough\0.18.4\flexmark-ext-gfm-strikethrough-0.18.4.jar;C:\Users\vishal\.m2\repository\com\vladsch\flexmark\flexmark-ext-gfm-tables\0.18.4\flexmark-ext-gfm-tables-0.18.4.jar;C:\Users\vishal\.m2\repository\com\vladsch\flexmark\flexmark-ext-gfm-tasklist\0.18.4\flexmark-ext-gfm-tasklist-0.18.4.jar;C:\Users\vishal\.m2\repository\com\vladsch\flexmark\flexmark-ext-jekyll-front-matter\0.18.4\flexmark-ext-jekyll-front-matter-0.18.4.jar;C:\Users\vishal\.m2\repository\com\vladsch\flexmark\flexmark-ext-jekyll-tag\0.18.4\flexmark-ext-jekyll-tag-0.18.4.jar;C:\Users\vishal\.m2\repository\com\vladsch\flexmark\flexmark-ext-ins\0.18.4\flexmark-ext-ins-0.18.4.jar;C:\Users\vishal\.m2\repository\com\vladsch\flexmark\flexmark-ext-xwiki-macros\0.18.4\flexmark-ext-xwiki-macros-0.18.4.jar;C:\Users\vishal\.m2\repository\com\vladsch\flexmark\flexmark-ext-spec-example\0.18.4\flexmark-ext-spec-example-0.18.4.jar;C:\Users\vishal\.m2\repository\com\vladsch\flexmark\flexmark-test-util\0.18.4\flexmark-test-util-0.18.4.jar;C:\Users\vishal\.m2\repository\junit\junit\4.12\junit-4.12.jar;C:\Users\vishal\.m2\repository\org\hamcrest\hamcrest-core\1.3\hamcrest-core-1.3.jar;C:\Users\vishal\.m2\repository\com\vladsch\flexmark\flexmark-ext-superscript\0.18.4\flexmark-ext-superscript-0.18.4.jar;C:\Users\vishal\.m2\repository\com\vladsch\flexmark\flexmark-ext-tables\0.18.4\flexmark-ext-tables-0.18.4.jar;C:\Users\vishal\.m2\repository\com\vladsch\flexmark\flexmark-ext-toc\0.18.4\flexmark-ext-toc-0.18.4.jar;C:\Users\vishal\.m2\repository\com\vladsch\flexmark\flexmark-ext-typographic\0.18.4\flexmark-ext-typographic-0.18.4.jar;C:\Users\vishal\.m2\repository\com\vladsch\flexmark\flexmark-ext-wikilink\0.18.4\flexmark-ext-wikilink-0.18.4.jar;C:\Users\vishal\.m2\repository\com\vladsch\flexmark\flexmark-ext-yaml-front-matter\0.18.4\flexmark-ext-yaml-front-matter-0.18.4.jar;C:\Users\vishal\.m2\repository\com\vladsch\flexmark\flexmark-formatter\0.18.4\flexmark-formatter-0.18.4.jar;C:\Users\vishal\.m2\repository\com\vladsch\flexmark\flexmark-html-parser\0.18.4\flexmark-html-parser-0.18.4.jar;C:\Users\vishal\.m2\repository\org\jsoup\jsoup\1.10.2\jsoup-1.10.2.jar;C:\Users\vishal\.m2\repository\com\vladsch\flexmark\flexmark-jira-converter\0.18.4\flexmark-jira-converter-0.18.4.jar;C:\Users\vishal\.m2\repository\com\vladsch\flexmark\flexmark-pdf-converter\0.18.4\flexmark-pdf-converter-0.18.4.jar;C:\Users\vishal\.m2\repository\com\openhtmltopdf\openhtmltopdf-core\0.0.1-RC9\openhtmltopdf-core-0.0.1-RC9.jar;C:\Users\vishal\.m2\repository\com\openhtmltopdf\openhtmltopdf-pdfbox\0.0.1-RC9\openhtmltopdf-pdfbox-0.0.1-RC9.jar;C:\Users\vishal\.m2\repository\org\apache\pdfbox\pdfbox\2.0.4\pdfbox-2.0.4.jar;C:\Users\vishal\.m2\repository\org\apache\pdfbox\fontbox\2.0.4\fontbox-2.0.4.jar;C:\Users\vishal\.m2\repository\com\openhtmltopdf\openhtmltopdf-rtl-support\0.0.1-RC9\openhtmltopdf-rtl-support-0.0.1-RC9.jar;C:\Users\vishal\.m2\repository\com\ibm\icu\icu4j\58.1\icu4j-58.1.jar;C:\Users\vishal\.m2\repository\com\openhtmltopdf\openhtmltopdf-jsoup-dom-converter\0.0.1-RC9\openhtmltopdf-jsoup-dom-converter-0.0.1-RC9.jar;C:\Users\vishal\.m2\repository\com\vladsch\flexmark\flexmark-profile-pegdown\0.18.4\flexmark-profile-pegdown-0.18.4.jar;C:\Users\vishal\.m2\repository\com\vladsch\flexmark\flexmark-util\0.18.4\flexmark-util-0.18.4.jar;C:\Users\vishal\.m2\repository\com\vladsch\flexmark\flexmark-youtrack-converter\0.18.4\flexmark-youtrack-converter-0.18.4.jar;C:\Users\vishal\.m2\repository\javax\servlet\servlet-api\2.5\servlet-api-2.5.jar;C:\Users\vishal\.m2\repository\org\apache\maven\doxia\doxia-integration-tools\1.8.1\doxia-integration-tools-1.8.1.jar;C:\Users\vishal\.m2\repository\org\apache\maven\wagon\wagon-provider-api\1.0\wagon-provider-api-1.0.jar;C:\Users\vishal\.m2\repository\org\mortbay\jetty\jetty\6.1.25\jetty-6.1.25.jar;C:\Users\vishal\.m2\repository\org\mortbay\jetty\servlet-api\2.5-20081211\servlet-api-2.5-20081211.jar;C:\Users\vishal\.m2\repository\org\mortbay\jetty\jetty-util\6.1.25\jetty-util-6.1.25.jar;C:\Users\vishal\.m2\repository\org\apache\commons\commons-lang3\3.4\commons-lang3-3.4.jar;C:\Users\vishal\.m2\repository\commons-io\commons-io\2.5\commons-io-2.5.jar;"/>
    <property name="java.vm.vendor" value="Oracle Corporation"/>
    <property name="sun.arch.data.model" value="64"/>
    <property name="user.variant" value=""/>
    <property name="java.vendor.url" value="http://java.oracle.com/"/>
    <property name="user.timezone" value="Asia/Calcutta"/>
    <property name="java.vm.specification.version" value="1.8"/>
    <property name="os.name" value="Windows 10"/>
    <property name="user.country" value="US"/>
    <property name="sun.java.launcher" value="SUN_STANDARD"/>
    <property name="sun.boot.library.path" value="C:\Program Files\Java\jdk1.8.0_112\jre\bin"/>
    <property name="sun.java.command" value="C:\Users\vishal\AppData\Local\Temp\surefire8174490242062035672\surefirebooter683583391504436276.jar C:\Users\vishal\AppData\Local\Temp\surefire8174490242062035672 2019-06-13T23-49-02_541-jvmRun1 surefire8878373930071220101tmp surefire_18083413426484949143tmp"/>
    <property name="surefire.test.class.path" value="H:\Projects\Bank\employee\target\test-classes;H:\Projects\Bank\employee\target\classes;H:\Projects\Bank\Person\target\classes;C:\Users\vishal\.m2\repository\org\junit\jupiter\junit-jupiter-api\5.4.2\junit-jupiter-api-5.4.2.jar;C:\Users\vishal\.m2\repository\org\apiguardian\apiguardian-api\1.0.0\apiguardian-api-1.0.0.jar;C:\Users\vishal\.m2\repository\org\opentest4j\opentest4j\1.1.1\opentest4j-1.1.1.jar;C:\Users\vishal\.m2\repository\org\junit\platform\junit-platform-commons\1.4.2\junit-platform-commons-1.4.2.jar;C:\Users\vishal\.m2\repository\org\junit\jupiter\junit-jupiter-engine\5.4.2\junit-jupiter-engine-5.4.2.jar;C:\Users\vishal\.m2\repository\org\junit\platform\junit-platform-engine\1.4.2\junit-platform-engine-1.4.2.jar;C:\Users\vishal\.m2\repository\org\apache\maven\plugins\maven-surefire-report-plugin\3.0.0-M3\maven-surefire-report-plugin-3.0.0-M3.jar;C:\Users\vishal\.m2\repository\org\apache\maven\surefire\surefire-report-parser\3.0.0-M3\surefire-report-parser-3.0.0-M3.jar;C:\Users\vishal\.m2\repository\org\apache\maven\surefire\surefire-logger-api\3.0.0-M3\surefire-logger-api-3.0.0-M3.jar;C:\Users\vishal\.m2\repository\org\apache\maven\reporting\maven-reporting-api\3.0\maven-reporting-api-3.0.jar;C:\Users\vishal\.m2\repository\org\apache\maven\maven-plugin-api\3.0\maven-plugin-api-3.0.jar;C:\Users\vishal\.m2\repository\org\apache\maven\maven-artifact\3.0\maven-artifact-3.0.jar;C:\Users\vishal\.m2\repository\org\apache\maven\reporting\maven-reporting-impl\3.0.0\maven-reporting-impl-3.0.0.jar;C:\Users\vishal\.m2\repository\org\apache\maven\doxia\doxia-sink-api\1.8\doxia-sink-api-1.8.jar;C:\Users\vishal\.m2\repository\org\apache\maven\doxia\doxia-logging-api\1.8\doxia-logging-api-1.8.jar;C:\Users\vishal\.m2\repository\org\apache\maven\doxia\doxia-decoration-model\1.8.1\doxia-decoration-model-1.8.1.jar;C:\Users\vishal\.m2\repository\org\codehaus\plexus\plexus-component-annotations\1.6\plexus-component-annotations-1.6.jar;C:\Users\vishal\.m2\repository\org\apache\maven\doxia\doxia-core\1.8\doxia-core-1.8.jar;C:\Users\vishal\.m2\repository\org\codehaus\plexus\plexus-container-default\1.7.1\plexus-container-default-1.7.1.jar;C:\Users\vishal\.m2\repository\org\apache\xbean\xbean-reflect\3.7\xbean-reflect-3.7.jar;C:\Users\vishal\.m2\repository\com\google\collections\google-collections\1.0\google-collections-1.0.jar;C:\Users\vishal\.m2\repository\org\apache\httpcomponents\httpclient\4.0.2\httpclient-4.0.2.jar;C:\Users\vishal\.m2\repository\commons-logging\commons-logging\1.1.1\commons-logging-1.1.1.jar;C:\Users\vishal\.m2\repository\commons-codec\commons-codec\1.3\commons-codec-1.3.jar;C:\Users\vishal\.m2\repository\org\apache\httpcomponents\httpcore\4.0.1\httpcore-4.0.1.jar;C:\Users\vishal\.m2\repository\org\apache\maven\doxia\doxia-site-renderer\1.8.1\doxia-site-renderer-1.8.1.jar;C:\Users\vishal\.m2\repository\org\apache\maven\doxia\doxia-skin-model\1.8.1\doxia-skin-model-1.8.1.jar;C:\Users\vishal\.m2\repository\org\codehaus\plexus\plexus-velocity\1.2\plexus-velocity-1.2.jar;C:\Users\vishal\.m2\repository\org\apache\velocity\velocity\1.7\velocity-1.7.jar;C:\Users\vishal\.m2\repository\org\apache\velocity\velocity-tools\2.0\velocity-tools-2.0.jar;C:\Users\vishal\.m2\repository\commons-beanutils\commons-beanutils\1.7.0\commons-beanutils-1.7.0.jar;C:\Users\vishal\.m2\repository\commons-digester\commons-digester\1.8\commons-digester-1.8.jar;C:\Users\vishal\.m2\repository\commons-chain\commons-chain\1.1\commons-chain-1.1.jar;C:\Users\vishal\.m2\repository\commons-validator\commons-validator\1.3.1\commons-validator-1.3.1.jar;C:\Users\vishal\.m2\repository\dom4j\dom4j\1.1\dom4j-1.1.jar;C:\Users\vishal\.m2\repository\oro\oro\2.0.8\oro-2.0.8.jar;C:\Users\vishal\.m2\repository\sslext\sslext\1.2-0\sslext-1.2-0.jar;C:\Users\vishal\.m2\repository\org\apache\struts\struts-core\1.3.8\struts-core-1.3.8.jar;C:\Users\vishal\.m2\repository\antlr\antlr\2.7.2\antlr-2.7.2.jar;C:\Users\vishal\.m2\repository\org\apache\struts\struts-taglib\1.3.8\struts-taglib-1.3.8.jar;C:\Users\vishal\.m2\repository\org\apache\struts\struts-tiles\1.3.8\struts-tiles-1.3.8.jar;C:\Users\vishal\.m2\repository\commons-collections\commons-collections\3.2.1\commons-collections-3.2.1.jar;C:\Users\vishal\.m2\repository\commons-lang\commons-lang\2.6\commons-lang-2.6.jar;C:\Users\vishal\.m2\repository\org\apache\maven\plugins\maven-site-plugin\3.7.1\maven-site-plugin-3.7.1.jar;C:\Users\vishal\.m2\repository\org\apache\maven\reporting\maven-reporting-exec\1.4\maven-reporting-exec-1.4.jar;C:\Users\vishal\.m2\repository\org\sonatype\aether\aether-util\1.7\aether-util-1.7.jar;C:\Users\vishal\.m2\repository\org\eclipse\aether\aether-util\0.9.0.M2\aether-util-0.9.0.M2.jar;C:\Users\vishal\.m2\repository\org\apache\maven\shared\maven-shared-utils\3.1.0\maven-shared-utils-3.1.0.jar;C:\Users\vishal\.m2\repository\org\apache\maven\maven-core\3.0\maven-core-3.0.jar;C:\Users\vishal\.m2\repository\org\apache\maven\maven-repository-metadata\3.0\maven-repository-metadata-3.0.jar;C:\Users\vishal\.m2\repository\org\apache\maven\maven-model-builder\3.0\maven-model-builder-3.0.jar;C:\Users\vishal\.m2\repository\org\apache\maven\maven-aether-provider\3.0\maven-aether-provider-3.0.jar;C:\Users\vishal\.m2\repository\org\sonatype\aether\aether-impl\1.7\aether-impl-1.7.jar;C:\Users\vishal\.m2\repository\org\sonatype\aether\aether-spi\1.7\aether-spi-1.7.jar;C:\Users\vishal\.m2\repository\org\sonatype\aether\aether-api\1.7\aether-api-1.7.jar;C:\Users\vishal\.m2\repository\org\codehaus\plexus\plexus-interpolation\1.14\plexus-interpolation-1.14.jar;C:\Users\vishal\.m2\repository\org\sonatype\plexus\plexus-sec-dispatcher\1.3\plexus-sec-dispatcher-1.3.jar;C:\Users\vishal\.m2\repository\org\sonatype\plexus\plexus-cipher\1.4\plexus-cipher-1.4.jar;C:\Users\vishal\.m2\repository\org\apache\maven\maven-model\3.0\maven-model-3.0.jar;C:\Users\vishal\.m2\repository\org\apache\maven\maven-settings\3.0\maven-settings-3.0.jar;C:\Users\vishal\.m2\repository\org\apache\maven\maven-settings-builder\3.0\maven-settings-builder-3.0.jar;C:\Users\vishal\.m2\repository\org\apache\maven\maven-archiver\3.1.1\maven-archiver-3.1.1.jar;C:\Users\vishal\.m2\repository\org\sonatype\sisu\sisu-inject-plexus\1.4.2\sisu-inject-plexus-1.4.2.jar;C:\Users\vishal\.m2\repository\org\sonatype\sisu\sisu-inject-bean\1.4.2\sisu-inject-bean-1.4.2.jar;C:\Users\vishal\.m2\repository\org\sonatype\sisu\sisu-guice\2.1.7\sisu-guice-2.1.7-noaop.jar;C:\Users\vishal\.m2\repository\org\codehaus\plexus\plexus-archiver\3.4\plexus-archiver-3.4.jar;C:\Users\vishal\.m2\repository\org\codehaus\plexus\plexus-io\2.7.1\plexus-io-2.7.1.jar;C:\Users\vishal\.m2\repository\org\apache\commons\commons-compress\1.11\commons-compress-1.11.jar;C:\Users\vishal\.m2\repository\org\iq80\snappy\snappy\0.4\snappy-0.4.jar;C:\Users\vishal\.m2\repository\org\tukaani\xz\1.5\xz-1.5.jar;C:\Users\vishal\.m2\repository\org\codehaus\plexus\plexus-i18n\1.0-beta-10\plexus-i18n-1.0-beta-10.jar;C:\Users\vishal\.m2\repository\org\codehaus\plexus\plexus-utils\3.0.24\plexus-utils-3.0.24.jar;C:\Users\vishal\.m2\repository\org\codehaus\plexus\plexus-classworlds\2.5.2\plexus-classworlds-2.5.2.jar;C:\Users\vishal\.m2\repository\org\apache\maven\doxia\doxia-module-xhtml\1.8\doxia-module-xhtml-1.8.jar;C:\Users\vishal\.m2\repository\org\apache\maven\doxia\doxia-module-apt\1.8\doxia-module-apt-1.8.jar;C:\Users\vishal\.m2\repository\org\apache\maven\doxia\doxia-module-xdoc\1.8\doxia-module-xdoc-1.8.jar;C:\Users\vishal\.m2\repository\org\apache\maven\doxia\doxia-module-fml\1.8\doxia-module-fml-1.8.jar;C:\Users\vishal\.m2\repository\org\apache\maven\doxia\doxia-module-markdown\1.8\doxia-module-markdown-1.8.jar;C:\Users\vishal\.m2\repository\com\vladsch\flexmark\flexmark-all\0.18.4\flexmark-all-0.18.4.jar;C:\Users\vishal\.m2\repository\com\vladsch\flexmark\flexmark\0.18.4\flexmark-0.18.4.jar;C:\Users\vishal\.m2\repository\com\vladsch\flexmark\flexmark-ext-abbreviation\0.18.4\flexmark-ext-abbreviation-0.18.4.jar;C:\Users\vishal\.m2\repository\com\vladsch\flexmark\flexmark-ext-anchorlink\0.18.4\flexmark-ext-anchorlink-0.18.4.jar;C:\Users\vishal\.m2\repository\com\vladsch\flexmark\flexmark-ext-aside\0.18.4\flexmark-ext-aside-0.18.4.jar;C:\Users\vishal\.m2\repository\com\vladsch\flexmark\flexmark-ext-autolink\0.18.4\flexmark-ext-autolink-0.18.4.jar;C:\Users\vishal\.m2\repository\org\nibor\autolink\autolink\0.6.0\autolink-0.6.0.jar;C:\Users\vishal\.m2\repository\com\vladsch\flexmark\flexmark-ext-definition\0.18.4\flexmark-ext-definition-0.18.4.jar;C:\Users\vishal\.m2\repository\com\vladsch\flexmark\flexmark-ext-emoji\0.18.4\flexmark-ext-emoji-0.18.4.jar;C:\Users\vishal\.m2\repository\com\vladsch\flexmark\flexmark-ext-escaped-character\0.18.4\flexmark-ext-escaped-character-0.18.4.jar;C:\Users\vishal\.m2\repository\com\vladsch\flexmark\flexmark-ext-footnotes\0.18.4\flexmark-ext-footnotes-0.18.4.jar;C:\Users\vishal\.m2\repository\com\vladsch\flexmark\flexmark-ext-gfm-strikethrough\0.18.4\flexmark-ext-gfm-strikethrough-0.18.4.jar;C:\Users\vishal\.m2\repository\com\vladsch\flexmark\flexmark-ext-gfm-tables\0.18.4\flexmark-ext-gfm-tables-0.18.4.jar;C:\Users\vishal\.m2\repository\com\vladsch\flexmark\flexmark-ext-gfm-tasklist\0.18.4\flexmark-ext-gfm-tasklist-0.18.4.jar;C:\Users\vishal\.m2\repository\com\vladsch\flexmark\flexmark-ext-jekyll-front-matter\0.18.4\flexmark-ext-jekyll-front-matter-0.18.4.jar;C:\Users\vishal\.m2\repository\com\vladsch\flexmark\flexmark-ext-jekyll-tag\0.18.4\flexmark-ext-jekyll-tag-0.18.4.jar;C:\Users\vishal\.m2\repository\com\vladsch\flexmark\flexmark-ext-ins\0.18.4\flexmark-ext-ins-0.18.4.jar;C:\Users\vishal\.m2\repository\com\vladsch\flexmark\flexmark-ext-xwiki-macros\0.18.4\flexmark-ext-xwiki-macros-0.18.4.jar;C:\Users\vishal\.m2\repository\com\vladsch\flexmark\flexmark-ext-spec-example\0.18.4\flexmark-ext-spec-example-0.18.4.jar;C:\Users\vishal\.m2\repository\com\vladsch\flexmark\flexmark-test-util\0.18.4\flexmark-test-util-0.18.4.jar;C:\Users\vishal\.m2\repository\junit\junit\4.12\junit-4.12.jar;C:\Users\vishal\.m2\repository\org\hamcrest\hamcrest-core\1.3\hamcrest-core-1.3.jar;C:\Users\vishal\.m2\repository\com\vladsch\flexmark\flexmark-ext-superscript\0.18.4\flexmark-ext-superscript-0.18.4.jar;C:\Users\vishal\.m2\repository\com\vladsch\flexmark\flexmark-ext-tables\0.18.4\flexmark-ext-tables-0.18.4.jar;C:\Users\vishal\.m2\repository\com\vladsch\flexmark\flexmark-ext-toc\0.18.4\flexmark-ext-toc-0.18.4.jar;C:\Users\vishal\.m2\repository\com\vladsch\flexmark\flexmark-ext-typographic\0.18.4\flexmark-ext-typographic-0.18.4.jar;C:\Users\vishal\.m2\repository\com\vladsch\flexmark\flexmark-ext-wikilink\0.18.4\flexmark-ext-wikilink-0.18.4.jar;C:\Users\vishal\.m2\repository\com\vladsch\flexmark\flexmark-ext-yaml-front-matter\0.18.4\flexmark-ext-yaml-front-matter-0.18.4.jar;C:\Users\vishal\.m2\repository\com\vladsch\flexmark\flexmark-formatter\0.18.4\flexmark-formatter-0.18.4.jar;C:\Users\vishal\.m2\repository\com\vladsch\flexmark\flexmark-html-parser\0.18.4\flexmark-html-parser-0.18.4.jar;C:\Users\vishal\.m2\repository\org\jsoup\jsoup\1.10.2\jsoup-1.10.2.jar;C:\Users\vishal\.m2\repository\com\vladsch\flexmark\flexmark-jira-converter\0.18.4\flexmark-jira-converter-0.18.4.jar;C:\Users\vishal\.m2\repository\com\vladsch\flexmark\flexmark-pdf-converter\0.18.4\flexmark-pdf-converter-0.18.4.jar;C:\Users\vishal\.m2\repository\com\openhtmltopdf\openhtmltopdf-core\0.0.1-RC9\openhtmltopdf-core-0.0.1-RC9.jar;C:\Users\vishal\.m2\repository\com\openhtmltopdf\openhtmltopdf-pdfbox\0.0.1-RC9\openhtmltopdf-pdfbox-0.0.1-RC9.jar;C:\Users\vishal\.m2\repository\org\apache\pdfbox\pdfbox\2.0.4\pdfbox-2.0.4.jar;C:\Users\vishal\.m2\repository\org\apache\pdfbox\fontbox\2.0.4\fontbox-2.0.4.jar;C:\Users\vishal\.m2\repository\com\openhtmltopdf\openhtmltopdf-rtl-support\0.0.1-RC9\openhtmltopdf-rtl-support-0.0.1-RC9.jar;C:\Users\vishal\.m2\repository\com\ibm\icu\icu4j\58.1\icu4j-58.1.jar;C:\Users\vishal\.m2\repository\com\openhtmltopdf\openhtmltopdf-jsoup-dom-converter\0.0.1-RC9\openhtmltopdf-jsoup-dom-converter-0.0.1-RC9.jar;C:\Users\vishal\.m2\repository\com\vladsch\flexmark\flexmark-profile-pegdown\0.18.4\flexmark-profile-pegdown-0.18.4.jar;C:\Users\vishal\.m2\repository\com\vladsch\flexmark\flexmark-util\0.18.4\flexmark-util-0.18.4.jar;C:\Users\vishal\.m2\repository\com\vladsch\flexmark\flexmark-youtrack-converter\0.18.4\flexmark-youtrack-converter-0.18.4.jar;C:\Users\vishal\.m2\repository\javax\servlet\servlet-api\2.5\servlet-api-2.5.jar;C:\Users\vishal\.m2\repository\org\apache\maven\doxia\doxia-integration-tools\1.8.1\doxia-integration-tools-1.8.1.jar;C:\Users\vishal\.m2\repository\org\apache\maven\wagon\wagon-provider-api\1.0\wagon-provider-api-1.0.jar;C:\Users\vishal\.m2\repository\org\mortbay\jetty\jetty\6.1.25\jetty-6.1.25.jar;C:\Users\vishal\.m2\repository\org\mortbay\jetty\servlet-api\2.5-20081211\servlet-api-2.5-20081211.jar;C:\Users\vishal\.m2\repository\org\mortbay\jetty\jetty-util\6.1.25\jetty-util-6.1.25.jar;C:\Users\vishal\.m2\repository\org\apache\commons\commons-lang3\3.4\commons-lang3-3.4.jar;C:\Users\vishal\.m2\repository\commons-io\commons-io\2.5\commons-io-2.5.jar;"/>
    <property name="sun.cpu.endian" value="little"/>
    <property name="user.home" value="C:\Users\vishal"/>
    <property name="user.language" value="en"/>
    <property name="java.specification.vendor" value="Oracle Corporation"/>
    <property name="java.home" value="C:\Program Files\Java\jdk1.8.0_112\jre"/>
    <property name="basedir" value="H:\Projects\Bank\employee"/>
    <property name="file.separator" value="\"/>
    <property name="line.separator" value="&#10;"/>
    <property name="java.vm.specification.vendor" value="Oracle Corporation"/>
    <property name="java.specification.name" value="Java Platform API Specification"/>
    <property name="java.awt.graphicsenv" value="sun.awt.Win32GraphicsEnvironment"/>
    <property name="surefire.real.class.path" value="C:\Users\vishal\AppData\Local\Temp\surefire8174490242062035672\surefirebooter683583391504436276.jar"/>
    <property name="sun.boot.class.path" value="C:\Program Files\Java\jdk1.8.0_112\jre\lib\resources.jar;C:\Program Files\Java\jdk1.8.0_112\jre\lib\rt.jar;C:\Program Files\Java\jdk1.8.0_112\jre\lib\sunrsasign.jar;C:\Program Files\Java\jdk1.8.0_112\jre\lib\jsse.jar;C:\Program Files\Java\jdk1.8.0_112\jre\lib\jce.jar;C:\Program Files\Java\jdk1.8.0_112\jre\lib\charsets.jar;C:\Program Files\Java\jdk1.8.0_112\jre\lib\jfr.jar;C:\Program Files\Java\jdk1.8.0_112\jre\classes"/>
    <property name="user.script" value=""/>
    <property name="sun.management.compiler" value="HotSpot 64-Bit Tiered Compilers"/>
    <property name="java.runtime.version" value="1.8.0_112-b15"/>
    <property name="user.name" value="vishal"/>
    <property name="path.separator" value=";"/>
    <property name="os.version" value="10.0"/>
    <property name="java.endorsed.dirs" value="C:\Program Files\Java\jdk1.8.0_112\jre\lib\endorsed"/>
    <property name="java.runtime.name" value="Java(TM) SE Runtime Environment"/>
    <property name="file.encoding" value="Cp1252"/>
    <property name="java.vm.name" value="Java HotSpot(TM) 64-Bit Server VM"/>
    <property name="localRepository" value="C:\Users\vishal\.m2\repository"/>
    <property name="java.vendor.url.bug" value="http://bugreport.sun.com/bugreport/"/>
    <property name="java.io.tmpdir" value="C:\Users\vishal\AppData\Local\Temp\"/>
    <property name="java.version" value="1.8.0_112"/>
    <property name="user.dir" value="H:\Projects\Bank\employee"/>
    <property name="os.arch" value="amd64"/>
    <property name="java.vm.specification.name" value="Java Virtual Machine Specification"/>
    <property name="java.awt.printerjob" value="sun.awt.windows.WPrinterJob"/>
    <property name="sun.os.patch.level" value=""/>
    <property name="java.library.path" value="C:\Program Files\Java\jdk1.8.0_112\jre\bin;C:\WINDOWS\Sun\Java\bin;C:\WINDOWS\system32;C:\WINDOWS;C:\Program Files\MongoDB\Server\4.0\bin;C:\ProgramData\Oracle\Java\javapath;C:\Program Files (x86)\PC Connectivity Solution\;C:\Program Files\Java\jdk1.8.0_112;C:\apache-tomcat-8.0.0-RC5\bin;c:\Program Files (x86)\Intel\iCLS Client\;c:\Program Files\Intel\iCLS Client\;C:\WINDOWS\system32;C:\WINDOWS;C:\WINDOWS\System32\Wbem;C:\WINDOWS\System32\WindowsPowerShell\v1.0\;C:\Program Files\Intel\WiFi\bin\;C:\Program Files\Common Files\Intel\WirelessCommon\;C:\Program Files (x86)\Windows Live\Shared;C:\Program Files (x86)\sbt\bin;C:\Program Files (x86)\WinMerge;C:\Program Files\Intel\Intel(R) Management Engine Components\DAL;C:\Program Files\Intel\Intel(R) Management Engine Components\IPT;C:\Program Files (x86)\Intel\Intel(R) Management Engine Components\DAL;C:\Program Files (x86)\Intel\Intel(R) Management Engine Components\IPT;C:\WINDOWS\System32\OpenSSH\;C:\Program Files\Git\cmd;C:\apache-maven-3.6.1\bin;C:\Program Files\nodejs\;C:\Users\vishal\AppData\Local\Programs\Python\Python37\Scripts\;C:\Users\vishal\AppData\Local\Programs\Python\Python37\;C:\Users\vishal\Google\Cloud SDK\google-cloud-sdk\bin;C:\Users\vishal\AppData\Local\Microsoft\WindowsApps;C:\Program Files\JetBrains\PyCharm Community Edition 2019.1.1\bin;C:\Program Files\JetBrains\IntelliJ IDEA Community Edition 2019.1.2\bin;C:\Users\vishal\AppData\Roaming\npm;."/>
    <property name="java.vm.info" value="mixed mode"/>
    <property name="java.vendor" value="Oracle Corporation"/>
    <property name="java.vm.version" value="25.112-b15"/>
    <property name="java.ext.dirs" value="C:\Program Files\Java\jdk1.8.0_112\jre\lib\ext;C:\WINDOWS\Sun\Java\lib\ext"/>
    <property name="sun.io.unicode.encoding" value="UnicodeLittle"/>
    <property name="java.class.version" value="52.0"/>
  </properties>
  <testcase name="getName" classname="employee.EmployeeTest" time="0.041"/>
</testsuite>